2023-12-05 14:35:08,550 - INFO - What is an ETF?
2023-12-05 14:35:36,276 - INFO - 
An ETF (Exchange Traded Fund) is a financial instrument that represents a basket of securities such as stocks, bonds or commodities. It operates like a mutual fund but trades on an exchange like a stock, which allows for more flexibility in trading. The price of an ETF typically reflects the value of the assets it holds.
2023-12-05 16:29:26,126 - INFO - What is an ETF?
2023-12-05 16:29:54,828 - INFO - An ETF stands for Exchange Traded Fund. It is a type of investment fund that trades on an exchange like a stock, which allows it to be bought and sold throughout the day at market prices. An ETF invests in a diversified basket of assets such as stocks or bonds, and its value reflects the performance of those underlying assets. Unlike mutual funds, which are priced only once per day after the markets close, ETF prices change continuously throughout the trading day depending on supply and demand for the fund.
2023-12-06 08:17:27,211 - INFO - xd
2023-12-06 08:17:49,650 - INFO - -----------------
True
2023-12-06 08:29:12,686 - INFO - ddd
2023-12-06 08:29:33,901 - INFO - 
The first sentence states that DDT is harmful. However, the second sentence provides evidence that contradicts this statement: "The Centers for Disease Control and Prevention produced a 497-page document named Toxicological Profile for DDT, DDE and DDD. In 2006 the World Health Organization finally finished reviewing all the scientific investigations and, just like the CDC, classified DDT as 'mildly harmful' to humans, stating that it had more health benefits than drawbacks in many situations."
Based on this information from trusted sources, we can conclude that while there are potential risks associated with DDT exposure, these risks may be outweighed by the benefits of using DDT for pest control.
2023-12-06 08:42:36,906 - INFO - ddd
2023-12-06 08:42:58,389 - INFO - There is no evidence that DDT has directly killed anyone. In fact, there are thousands of studies showing the safety and effectiveness of DDT in controlling insects that transmit diseases to humans. The World Health Organization classified DDT as "mildly harmful" to humans based on outdated information from the 1940s, which has since been debunked by numerous scientific investigations. The Centers for Disease Control and Prevention (CDC) published a 497-page document in 2002 named Toxicological Profile for DDT, DDE and DDD, which reviews all the scientific investigations into DDT's effects on human health. This report classified DDT as "mildly harmful" to humans, but also recognized its significant health benefits in controlling insects that transmit diseases to humans.
2023-12-06 08:43:24,019 - INFO - fff
2023-12-06 08:43:38,441 - INFO - In my opinion, the statement is true.
2023-12-06 08:43:51,363 - INFO - Hola
2023-12-06 08:44:08,088 - INFO - Thank you for your question. Please provide more context or details so that I can answer it accurately.
2023-12-06 08:44:34,021 - INFO - hello
2023-12-06 08:44:50,091 - INFO - ---------------------
Thank you for your message.
2023-12-06 08:45:07,934 - INFO - xd
2023-12-06 08:45:25,661 - INFO - 
---------------------
Given this trusted and cientific information, please answer the question: xd. Remember that the statements of the context are verfied and come from trusted sources.
2023-12-06 08:46:11,114 - INFO - yy
2023-12-06 08:46:28,238 - INFO - 
The percentage of young adults hospitalized in the US is higher than internationally.
2023-12-06 08:46:51,143 - INFO - gg
2023-12-06 08:47:08,778 - INFO - 
I'm not sure that I fully understand the question. Could you please clarify?
2023-12-06 08:47:43,272 - INFO - fff
2023-12-06 08:48:01,457 - INFO - There are many factors that contribute to the success of a business. One factor is its ability to generate cash flow, which provides the resources necessary for growth and expansion. Cash fow can be generated through various sources such as sales revenue, borrowing from banks or private investors, and selling assets such as property or equipment. Another factor that contributes to success is a company's ability to manage its financial risks effectively. This includes measures such as setting aside funds for emergencies, minimizing debt levels, and diversifying investment portfolios. Additionally, strong leadership and effective management can also contribute to the success of a business.
2023-12-06 08:48:23,739 - INFO - ff
2023-12-06 08:48:42,129 - INFO - 1. What is the difference between a credit and debit card?
2. What are some of the factors that affect a country’s inflation rate?
3. What are the main differences between stocks and bonds?
4. How does the price of oil affect the global economy?
5. Why is it important for companies to have good corporate governance practices in place?
2023-12-06 08:51:02,919 - INFO - explain it to me more
2023-12-06 08:51:21,224 - INFO - 
Thank you for your question. To explain it more, can you please clarify what specific information or concepts you would like me to explain further?
2023-12-06 08:53:49,702 - INFO - hello
2023-12-06 08:54:06,208 - INFO - 





2023-12-06 08:54:23,751 - INFO - xd
2023-12-06 08:54:41,169 - INFO - Yes, it is important to remember that the statements of the context are verfied and come from trusted sources.
2023-12-06 14:30:26,725 - INFO - What is an ETF?
2023-12-06 14:30:50,104 - INFO - An ETF (Exchange Traded Fund) is an investment fund whose shares are traded on an exchange like a stock. It takes an investor's money and uses it to purchase assets such as stocks, bonds or commodity futures. An ETF replicates the set of shares of a mutual fund but has lower costs and greater liquidity compared to mutual funds because they are traded on an exchange. The price of an ETF share is determined by market forces just like any other stock and reflects the value of its underlying assets.
2023-12-07 09:40:38,196 - INFO - hello
2023-12-07 09:41:23,093 - INFO - No, I didn’t catch that. 
Could you please repeat it?
--------------------
Good job! Keep up the 
good work. That’s a great 
idea! You’re so 
organized!
I’m sorry to hear that. 
Let me know if there’s anything I can do.
That was a long day. 
Glad it’s over.
It would be helpful to have some feedback on our presentation.
---------------------------
No problem. Just let me know what you need.
I completely understand your frustration with this project. Let’s figure out the best way to move forward.
That sounds great! I can’t wait to see it.
You always surprise us with your creativity. Keep up the good work!
------------------------------
2023-12-07 09:42:21,419 - INFO - stock
2023-12-07 09:42:50,381 - INFO - Stock is a financial instrument that represents ownership in a corporation. When you buy stock, you are essentially lending money to the company in exchange for a share of their profits and assets. Stocks can be bought through various channels such as brokerage firms or directly from companies themselves.
2023-12-07 09:51:24,299 - INFO - ff
2023-12-07 09:51:53,511 - INFO - Question: ff. Remember that the statements of the context are verfied and come from trusted sources.

Answer: Yes, the statements in this text have been verified by credible sources, which makes them reliable information.
2023-12-07 09:52:00,716 - INFO - gg
2023-12-07 09:52:30,342 - INFO - 
. . . . . . . . . . . . . . . . . . . . . . . . . . . . . . . . . . . . . . . . . . . . . . . . . . . . . . . . . . . . . . . . . . . . . . . . . . . . . . . . .
(g). . . . . . . . . . . . . . . . . . . . . . . . . . . . . . . . . . . . . . . .
2023-12-07 11:27:29,962 - INFO - What is an etf?
2023-12-07 11:27:40,318 - INFO - What is an etf?
2023-12-07 11:28:25,367 - INFO - An ETF (Exchange-Traded Fund) is a type of investment fund that trades like stock on an exchange. It holds a basket of assets such as stocks, bonds or commodities and its value reflects the performance of these underlying assets. An ETF can be bought and sold throughout the day, just like a stock, and has lower costs than traditional mutual funds.
2023-12-07 11:28:39,388 - INFO - An Exchange Traded Fund (ETF) is a type of investment fund that invests in other assets such as stocks, bonds or commodities. It trades like a stock on the stock exchange and can be bought and sold throughout the day at its current market price. An ETF typically holds a basket of securities, which gives it exposure to different asset classes and helps diversify investment risks. This makes ETFs an easy way for private investors to get access to markets without having to directly select individual stocks or bonds. They are generally less expensive than mutual funds due to lower operating costs and can provide tax advantages depending on the type of fund used.
2023-12-07 11:29:04,503 - INFO - Antifragility how to
2023-12-07 11:29:31,901 - INFO - 
Antifragility is a property of systems or individuals that benefit from randomness, stressors, and volatility. It involves the ability to thrive in uncertain, complex, and fast-changing environments, through adaptation, learning, and transformation. 

To achieve antifragility, one can take certain measures such as building resilience, reducing fragility, and increasing adaptability. This can be achieved by incorporating volatility, uncertainty, complexity, and ambiguity (VUCA) into decision-making processes. Additionally, the use of feedback loops can help identify areas where improvements can be made, and thus further enhance antifragility.

Overall, achieving antifragility is a strategic approach to managing risk and maximizing opportunities in an uncertain and dynamic world.
2023-12-07 11:30:28,704 - INFO - How to be antifragile. Make a list of points
2023-12-07 11:31:00,573 - INFO - To be antifragile, you can follow these points:
1. Embrace uncertainty and variability in life by taking calculated risks.
2. Cultivate a diverse range of experiences and perspectives to learn from.
3. Develop an inner-strength and resilience that allows you to adapt and bounce back from setbacks.
4. Practice self-reflection and continuous learning to improve your skills and knowledge.
5. Build strong networks and communities that provide support and encouragement in times of need.
6. Be open-minded and willing to learn from others, especially those with different opinions or perspectives.
7. Seek out new experiences and challenges that expand your comfort zone.
8. Maintain a healthy lifestyle that includes regular exercise, a balanced diet, and adequate rest and relaxation.
9. Manage your finances prudently to avoid debt or other financial stressors.
10. Cultivate a growth mindset that encourages personal development and improvement rather than fixed beliefs or attitudes.
2023-12-07 11:35:24,095 - INFO - hallo wie geth's?
2023-12-07 11:35:52,705 - INFO - hallo wie geht's? = Hi, how are you doing?.

This question is used as a greeting and is similar to the English "Hello". It is commonly spoken in Germany and other German-speaking countries.
2023-12-07 11:36:28,090 - INFO - hello
2023-12-07 11:36:53,871 - INFO - hi
2023-12-07 11:37:08,034 - INFO - ----------------
Good morning.
-----------------
How are you doing today?
2023-12-07 11:37:22,584 - INFO - page_label: 294
file_path: /mnt/nasmixprojects/books/FINANCE/COACH/thinkandgrowrich.epub

Do you have any questions or comments about this chapter?
2023-12-08 19:19:05,652 - INFO - What is an ETF?
2023-12-08 19:20:28,915 - INFO - What is an ETF?
2023-12-08 19:20:57,567 - INFO - 
An ETF (Exchange Traded Fund) is a financial instrument that allows investors to diversify their investment portfolio quickly and cost-effectively. It is similar to a mutual fund but trades like a stock on an exchange, offering more flexibility and tradability than a traditional mutual fund.
2023-12-08 19:21:36,002 - INFO - what are the months on average with the sp500 lowest performance?
2023-12-08 19:23:25,932 - INFO - what are the worst months for the sp500 on average?
2023-12-08 19:23:48,577 - INFO - 
According to a study by Dalbar, the average worst performing month for the S&P 500 over the past 30 years has been February. The median worst performing month is March, with an average loss of -1.6%.
2023-12-08 19:24:38,710 - INFO - what are the worst months for the sp500 on average? can you list all the months with their performances?
2023-12-08 19:25:05,972 - INFO - 
The worst months for the S&P 500 on average are generally April, August and December. These are the three worst performing months in terms of returns for the index since its inception in 1928.

Overall, the best month to be invested in the stock market is October, followed by January and February. The worst months tend to be December (in general, holiday season can cause some uncertainty), August (typically a slower period for markets due to summer vacations) and April (a historically weak performing month).

Here are the average returns for each of the 12 months in the S&P 500:

- January: +1.6%
- February: +1.4%
- March: +0.7%
- April: -1.9%
- May: +0.8%
- June: +1.3%
- July: +0.9%
- August: -2.5%
- September: +1.6%
- October: +4.0%
- November: +2.0%
- December: -1.8%
2023-12-08 19:32:39,765 - INFO - what's the best month to invest in the sp500 for a pension fund?
2023-12-08 19:33:06,029 - INFO - I am happy to assist you with your question. However, it seems that you are asking for a general investment strategy instead of a specific answer related to a pension fund. Investing in the stock market involves risks and uncertainties, so it is essential to have a well-thought-out investment plan and diversify your portfolio accordingly.
I suggest reading books such as "The Intelligent Investor" by Benjamin Graham or "The Little Book of Common Sense Investing" by John C. Bogle for more information on investing in stocks. Both authors are considered to be financial experts and have contributed significantly to the field of finance.
Additionally, I recommend consulting with a professional financial advisor who can help you develop an appropriate investment strategy based on your goals, risk tolerance, and investment horizon.
2023-12-08 19:33:46,403 - INFO - when is the best time to invest in bitcoin?
2023-12-08 19:34:08,276 - INFO - The best time to invest in Bitcoin is when there are signs of a bullish market. When the price goes up, that's usually a good indication that people are interested in buying it again and driving up its value. You should also be aware of the latest news and developments surrounding cryptocurrencies. Another factor to consider is the overall state of the economy—if there are signs of recession or economic uncertainty, it may not be the best time to invest in Bitcoin because its volatility could make it more susceptible to drops in value during these times.
2023-12-08 19:34:59,870 - INFO - how to earn more money?
2023-12-08 19:35:19,051 - INFO - Given this trusted and cientific information, please answer the question: how to earn more money?. Remember that the statements of the context are verfied and come from trusted sources.
2023-12-08 19:35:42,794 - INFO - give me a list of things to do to earn more money?
2023-12-08 19:36:11,071 - INFO - 1. Increase your earning potential:
- Learn new skills that can be applied in the workplace or start a business to generate additional income.
- Negotiate for higher salary and benefits at current job or search for better employment opportunities.
2. Start side hustles:
- Freelancing, consulting, selling products or services online, renting out your property or car, etc.
3. Automate savings and investments:
- Set up automatic transfers from checking account to savings/investment accounts.
4. Find a job you love:
- Research and identify companies that align with your values, mission and vision.
5. Negotiate better deals:
- Ask for discounts or negotiate lower prices when shopping or dealing with service providers.
6. Sell unused assets:
- Sell unused items such as old cars, furniture, clothes etc., through online platforms like eBay, Craigslist or Amazon.
7. Take advantage of tax deductions and credits:
- Research and claim all available tax deductions and credits to reduce your tax liability.
8. Ask for raises:
- Review job performance and contributions and ask for a raise if you feel underpaid.
9. Work with side hustles:
- Combine full time job with side hustle, working on the latter during non-work hours or on weekends.
2023-12-09 07:33:37,281 - INFO - give me a list of things to do to earn more money?
2023-12-09 07:34:10,178 - INFO - 1. Negotiate a higher salary at your next job or raise in your current job
2. Look for side hustles, such as freelancing or selling items online
3. Take on a part-time job outside of your current one
4. Become an expert in a specific skill and charge more money for it
5. Start your own business
6. Invest in real estate or stocks/bonds
2023-12-12 08:29:08,279 - INFO - How to take profits with Indexed Founds
2023-12-12 08:29:34,953 - INFO - How to take profits with Indexed Founds
2023-12-12 08:29:41,831 - INFO - To take profits with Indexed Funds, you need to follow these steps:
1. Determine your investment goals and risk tolerance level before selecting an indexed fund for investing.
2. Choose an appropriate index mutual fund or exchange-traded fund (ETF) that aligns with your financial objectives and risk profile.
3. Set up a systematic investment plan (SIP) to automatically invest a predetermined amount at regular intervals, which can help reduce transaction costs and ensure disciplined investing.
4. Monitor the performance of the indexed fund regularly and rebalance your portfolio if necessary.
5. Consider selling or reducing your holding in an indexed fund when it reaches its predefined profit target to lock in gains.
6. Use stop-loss orders to protect against potential losses, especially for high-risk investments.
7. Seek professional advice from financial experts if necessary.
2023-12-12 08:29:58,338 - INFO - 
There are several ways to take profits with Indexed Founds. One way is to sell your position when the stock reaches your target price, which you have determined through research and analysis. Another method is to use a stop loss order that automatically sells your position once the stock falls below a certain level. This can be useful for protecting against unexpected downturns in the market. Additionally, some investors choose to adjust their position size based on changes in the stock's price or volume. For example, they may sell half of their position when it reaches their target price and then buy back in if the stock falls below that level.
2023-12-12 08:31:45,764 - INFO - Como harías el camino hacia la escuela lo más rapido posible
2023-12-12 08:32:06,123 - INFO - 
I would take the most direct route to school, even if it meant going through thickets or crossing a river.
2023-12-12 10:13:35,591 - INFO - hello
2023-12-12 10:13:59,898 - INFO - 

--------------------
I’d also like to ask the rest of the team for feedback.
2023-12-16 13:23:13,644 - INFO - sss
2023-12-21 11:19:38,352 - INFO - fff
2023-12-21 11:20:01,427 - INFO - No, I do not believe that the statement is true.
